2020/05/04 15:46:24 ### WILL SKIP THE FOLLOWING TAGS: [SupportedVersions ovf:License]
2020/05/04 15:46:24 --------------------------------------------------------------------------------
2020/05/04 15:46:24 Request caller: govcd.(*Client).validateAPIVersion-->govcd.(*Client).vcdFetchSupportedVersions-->govcd.(*Client).vcdFetchSupportedVersions-->govcd.executeRequestWithApiVersion-->govcd.executeRequestWithApiVersion-->govcd.executeRequestCustomErr-->govcd.(*Client).NewRequestWithApiVersion
2020/05/04 15:46:24 GET https://192.168.1.160/api/versions
2020/05/04 15:46:24 --------------------------------------------------------------------------------
2020/05/04 15:46:24 Req header:
2020/05/04 15:46:24 ################################################################################
2020/05/04 15:46:24 Response caller govcd.(*VCDClient).Authenticate-->govcd.(*VCDClient).GetAuthResponse-->govcd.(*VCDClient).vcdloginurl-->govcd.(*Client).validateAPIVersion-->govcd.(*Client).vcdFetchSupportedVersions-->govcd.(*Client).vcdFetchSupportedVersions-->govcd.(*Client).executeRequest-->govcd.decodeBody
2020/05/04 15:46:24 Response status 200 OK
2020/05/04 15:46:24 ################################################################################
2020/05/04 15:46:24 Response header:
2020/05/04 15:46:24 	Content-Length: [1930]
2020/05/04 15:46:24 	Date: [Mon, 04 May 2020 12:46:24 GMT]
2020/05/04 15:46:24 	X-Vmware-Vcloud-Request-Id: [d40945dc-45c1-4fcd-80c3-bef0a4e493a9]
2020/05/04 15:46:24 	Content-Type: [text/xml]
2020/05/04 15:46:24 	X-Vmware-Vcloud-Request-Execution-Time: [3]
2020/05/04 15:46:24 	Cache-Control: [no-store, must-revalidate]
2020/05/04 15:46:24 	Vary: [Accept-Encoding, User-Agent]
2020/05/04 15:46:24 Response text: [1930 -> 109] <?xml version="1.0" encoding="UTF-8" standalone="yes"?>
[SKIPPING 'SupportedVersions' TAG AT USER'S REQUEST]

2020/05/04 15:46:24 [DEBUG] supported API versions : 27.0,28.0,29.0,30.0,31.0,32.0,33.0,34.0
2020/05/04 15:46:24 [TRACE] API version 27.0.0 does not satisfy constraints '= 31.0'
2020/05/04 15:46:24 [TRACE] API version 28.0.0 does not satisfy constraints '= 31.0'
2020/05/04 15:46:24 [TRACE] API version 29.0.0 does not satisfy constraints '= 31.0'
2020/05/04 15:46:24 [TRACE] API version 30.0.0 does not satisfy constraints '= 31.0'
2020/05/04 15:46:24 [INFO] API version 31.0.0 satisfies constraints '= 31.0'
2020/05/04 15:46:24 --------------------------------------------------------------------------------
2020/05/04 15:46:24 Request caller: govcd.(*VCDClient).vcdAuthorizeSamlAdfs-->govcd.executeRequestWithApiVersion-->govcd.executeRequestWithApiVersion-->govcd.executeRequestCustomErr-->govcd.(*Client).NewRequestWithApiVersion
2020/05/04 15:46:24 GET https://192.168.1.160/cloud/org/my-org/saml/metadata/alias/vcd
2020/05/04 15:46:24 --------------------------------------------------------------------------------
2020/05/04 15:46:24 Req header:
2020/05/04 15:46:24 ################################################################################
2020/05/04 15:46:24 Response caller main.main-->govcd.(*VCDClient).Authenticate-->govcd.(*VCDClient).GetAuthResponse-->govcd.(*VCDClient).vcdAuthorizeSamlAdfs-->govcd.(*Client).executeRequest-->govcd.decodeBody
2020/05/04 15:46:24 Response status 200 OK
2020/05/04 15:46:24 ################################################################################
2020/05/04 15:46:24 Response header:
2020/05/04 15:46:24 	Date: [Mon, 04 May 2020 12:46:24 GMT]
2020/05/04 15:46:24 	X-Frame-Options: [SAMEORIGIN]
2020/05/04 15:46:24 	X-Content-Type-Options: [nosniff]
2020/05/04 15:46:24 	Content-Disposition: [attachment; filename="spring_saml_metadata.xml"]
2020/05/04 15:46:24 	Vary: [Accept-Encoding, User-Agent]
2020/05/04 15:46:24 	Content-Length: [4111]
2020/05/04 15:46:24 	X-Vmware-Vcloud-Request-Id: [6f781b59-ced6-4b7e-8c8a-704e319d636f]
2020/05/04 15:46:24 	Strict-Transport-Security: [max-age=31536000 ; includeSubDomains]
2020/05/04 15:46:24 	X-Xss-Protection: [1; mode=block]
2020/05/04 15:46:24 	Content-Security-Policy: [default-src *  data: blob: 'unsafe-inline' 'unsafe-eval'; script-src * 'unsafe-inline' 'unsafe-eval'; connect-src * 'unsafe-inline'; img-src * data: blob: 'unsafe-inline'; frame-src *; style-src * data: blob: 'unsafe-inline'; font-src * data: blob: 'unsafe-inline';]
2020/05/04 15:46:24 	Content-Type: [application/samlmetadata+xml;charset=utf-8]
2020/05/04 15:46:24 Response text: [4111] <?xml version="1.0" encoding="UTF-8"?>
<md:EntityDescriptor ID="https___192.168.1.160_cloud_org_my-org_saml_metadata_alias_vcd" entityID="https://192.168.1.160/cloud/org/my-org/saml/metadata/alias/vcd" xmlns:md="urn:oasis:names:tc:SAML:2.0:metadata"><md:SPSSODescriptor AuthnRequestsSigned="true" WantAssertionsSigned="true" protocolSupportEnumeration="urn:oasis:names:tc:SAML:2.0:protocol"><md:KeyDescriptor use="signing"><ds:KeyInfo xmlns:ds="http://www.w3.org/2000/09/xmldsig#"><ds:X509Data><ds:X509Certificate>MIIC4jCCAcqgAwIBAgIEIr34hDANBgkqhkiG9w0BAQsFADAzMTEwLwYDVQQDEyh2Q2xvdWQgRGly
ZWN0b3Igb3JnYW5pemF0aW9uIENlcnRpZmljYXRlMB4XDTE5MTIxNjA4MjM1N1oXDTIwMTIxNjA4
MjM1N1owMzExMC8GA1UEAxModkNsb3VkIERpcmVjdG9yIG9yZ2FuaXphdGlvbiBDZXJ0aWZpY2F0
ZTCCASIwDQYJKoZIhvcNAQEBBQADggEPADCCAQoCggEBAJ3aWoafAXxFuiZp0vufx9RTrJWsJKmK
SL85sjQjHJxsqxOevVxzdtnWl54l5TPzw0pPhHFiOLFGJquNVXRvSnDiG8WoP1lmAJ8JbQ5YOHiE
5jJaqM5HJgrS9PVZQ1vYjJsC+3jAj6QhT9z65K/F1BFH7bj1+Rqk1v0xVqaglQFqUqzj96JTF4w1
CFph/9lFWyDjlTbvaj47DHM+RqEXu8f1Q20QpIj4xbzN8A3zDwk8aEYpggfar2RxvxI2s/IqfCn1
Is4/gRYbFxghHHneuwYGq5gYIxTD/BKmeUm51JjjZJBX7Z3rn6ldFCl7YfFQ2+xuxoDJbFcbOvAW
1K3/TvkCAwEAATANBgkqhkiG9w0BAQsFAAOCAQEAarAndoS3PYSUxTeTO3J9LenUvdQTOIqgvMqr
i7jocohN3HckUTXONi9MLewWO842K/Xmlv5YkuLPsp6N47e7njIsjXfcl+i3KIrW1GNxVMl84U1D
czWQh3DK7kpSAYwiYWzzcEBRzFIbiYaDVaHRYmdhwiIuzYCYGOxRn7vYu0D92vJCsYcZAIeU//08
Dp8QKIztEA4qBSsrswWvzO+KYXMbqd23SMIRLhq+I9waUxqAxqfPxDEHXzYfHJ3aAVduMgyvxPTl
EIv1RAEe8eAm7G3iHD9x5SIh7z9jstpd0Fmas+leqYWEmDF0iRghGDVm2NsWGmlZsFo+6TgQLM17
ZQ==</ds:X509Certificate></ds:X509Data></ds:KeyInfo></md:KeyDescriptor><md:KeyDescriptor use="encryption"><ds:KeyInfo xmlns:ds="http://www.w3.org/2000/09/xmldsig#"><ds:X509Data><ds:X509Certificate>MIIC4jCCAcqgAwIBAgIEIr34hDANBgkqhkiG9w0BAQsFADAzMTEwLwYDVQQDEyh2Q2xvdWQgRGly
ZWN0b3Igb3JnYW5pemF0aW9uIENlcnRpZmljYXRlMB4XDTE5MTIxNjA4MjM1N1oXDTIwMTIxNjA4
MjM1N1owMzExMC8GA1UEAxModkNsb3VkIERpcmVjdG9yIG9yZ2FuaXphdGlvbiBDZXJ0aWZpY2F0
ZTCCASIwDQYJKoZIhvcNAQEBBQADggEPADCCAQoCggEBAJ3aWoafAXxFuiZp0vufx9RTrJWsJKmK
SL85sjQjHJxsqxOevVxzdtnWl54l5TPzw0pPhHFiOLFGJquNVXRvSnDiG8WoP1lmAJ8JbQ5YOHiE
5jJaqM5HJgrS9PVZQ1vYjJsC+3jAj6QhT9z65K/F1BFH7bj1+Rqk1v0xVqaglQFqUqzj96JTF4w1
CFph/9lFWyDjlTbvaj47DHM+RqEXu8f1Q20QpIj4xbzN8A3zDwk8aEYpggfar2RxvxI2s/IqfCn1
Is4/gRYbFxghHHneuwYGq5gYIxTD/BKmeUm51JjjZJBX7Z3rn6ldFCl7YfFQ2+xuxoDJbFcbOvAW
1K3/TvkCAwEAATANBgkqhkiG9w0BAQsFAAOCAQEAarAndoS3PYSUxTeTO3J9LenUvdQTOIqgvMqr
i7jocohN3HckUTXONi9MLewWO842K/Xmlv5YkuLPsp6N47e7njIsjXfcl+i3KIrW1GNxVMl84U1D
czWQh3DK7kpSAYwiYWzzcEBRzFIbiYaDVaHRYmdhwiIuzYCYGOxRn7vYu0D92vJCsYcZAIeU//08
Dp8QKIztEA4qBSsrswWvzO+KYXMbqd23SMIRLhq+I9waUxqAxqfPxDEHXzYfHJ3aAVduMgyvxPTl
EIv1RAEe8eAm7G3iHD9x5SIh7z9jstpd0Fmas+leqYWEmDF0iRghGDVm2NsWGmlZsFo+6TgQLM17
ZQ==</ds:X509Certificate></ds:X509Data></ds:KeyInfo></md:KeyDescriptor><md:SingleLogoutService Binding="urn:oasis:names:tc:SAML:2.0:bindings:HTTP-POST" Location="https://192.168.1.160/login/org/my-org/saml/SingleLogout/alias/vcd"/><md:SingleLogoutService Binding="urn:oasis:names:tc:SAML:2.0:bindings:HTTP-Redirect" Location="https://192.168.1.160/login/org/my-org/saml/SingleLogout/alias/vcd"/><md:NameIDFormat>urn:oasis:names:tc:SAML:1.1:nameid-format:emailAddress</md:NameIDFormat><md:NameIDFormat>urn:oasis:names:tc:SAML:2.0:nameid-format:transient</md:NameIDFormat><md:NameIDFormat>urn:oasis:names:tc:SAML:2.0:nameid-format:persistent</md:NameIDFormat><md:NameIDFormat>urn:oasis:names:tc:SAML:1.1:nameid-format:unspecified</md:NameIDFormat><md:NameIDFormat>urn:oasis:names:tc:SAML:1.1:nameid-format:X509SubjectName</md:NameIDFormat><md:AssertionConsumerService Binding="urn:oasis:names:tc:SAML:2.0:bindings:HTTP-POST" Location="https://192.168.1.160/login/org/my-org/saml/SSO/alias/vcd" index="0" isDefault="true"/><md:AssertionConsumerService Binding="urn:oasis:names:tc:SAML:2.0:profiles:holder-of-key:SSO:browser" Location="https://192.168.1.160/login/org/my-org/saml/HoKSSO/alias/vcd" hoksso:ProtocolBinding="urn:oasis:names:tc:SAML:2.0:bindings:HTTP-POST" index="1" xmlns:hoksso="urn:oasis:names:tc:SAML:2.0:profiles:holder-of-key:SSO:browser"/></md:SPSSODescriptor></md:EntityDescriptor>
2020/05/04 15:46:24 [DEBUG] SAML got entity ID: https://192.168.1.160/cloud/org/my-org/saml/metadata/alias/vcd
2020/05/04 15:46:24 [DEBUG] SAML looking up IdP (ADFS) host redirect in: https://192.168.1.160/login/my-org/saml/login/alias/vcd
2020/05/04 15:46:24 --------------------------------------------------------------------------------
2020/05/04 15:46:24 Request caller: runtime.main-->main.main-->govcd.(*VCDClient).Authenticate-->govcd.(*VCDClient).GetAuthResponse-->govcd.(*VCDClient).vcdAuthorizeSamlAdfs-->govcd.vcdAuthorizeSamlGetAdfsServer-->govcd.vcdAuthorizeSamlGetAdfsServer
2020/05/04 15:46:24 GET https://192.168.1.160/login/my-org/saml/login/alias/vcd?&service=tenant:my-org
2020/05/04 15:46:24 --------------------------------------------------------------------------------
2020/05/04 15:46:24 Req header:
2020/05/04 15:46:24 ################################################################################
2020/05/04 15:46:24 Response caller runtime.goexit-->runtime.main-->main.main-->govcd.(*VCDClient).Authenticate-->govcd.(*VCDClient).GetAuthResponse-->govcd.(*VCDClient).vcdAuthorizeSamlAdfs-->govcd.vcdAuthorizeSamlGetAdfsServer-->govcd.decodeBody
2020/05/04 15:46:24 Response status 302 Found
2020/05/04 15:46:24 ################################################################################
2020/05/04 15:46:24 Response header:
2020/05/04 15:46:24 	X-Frame-Options: [SAMEORIGIN]
2020/05/04 15:46:24 	Strict-Transport-Security: [max-age=31536000 ; includeSubDomains]
2020/05/04 15:46:24 	Pragma: [no-cache]
2020/05/04 15:46:24 	Location: [https://win-60g606n0afg.test-forest.net/adfs/ls/?SAMLRequest=fZFRT8IwEMff%2FRRL37d2cwxo2AiRkJBoYgR98O3ouq1ka7HXTfz2FpCIL7700uR%2Fv7v%2BOpsfuzYYpEVldE7iiJFAamFKpeucvG5X4YTMi7sZQtcmB77oXaNf5Ecv0QULRGmd73swGvtO2o20gxJyrUt5zIknLX1MaXBnduPcATmln0qHGaszlmkGVR05HworY32JtHQUygppi5QEK2OFPI%2FMSQUtShKslzmBsajTWMm0Gu2m0yZudlA1kO331YSlpc%2FgMyCqQf52IfZ%2BLXSgXU4SlrCQjUKWbuOEpxlP0mh6P34nwdvVQ3Ly4M1o5JeX56S3mhtAhVxDJ5E7wTeLp0fuo%2FxgjTPCtKS4iOLngfaW8D8AripJcdUUT5MoziZR7E9GRWv6khpb0%2B4rPJUTlHbSQQkOKLQKkA6inNHbBYqf69%2BPK74B&RelayState=aHR0cHM6Ly8xOTIuMTY4LjEuMTYwL3RlbmFudC9teS1vcmc%3D&SigAlg=http%3A%2F%2Fwww.w3.org%2F2000%2F09%2Fxmldsig%23rsa-sha1&Signature=HFC3rWunUMcMWkCJ4ak1T%2B0GFXQfP4Jw0dLhIQ1xHaKanZ36BmIyxye78X62QrXXrCjBPAZaCi0u7p7mUcWdZjamy4tz34rPTNq%2Br8LYTUFuSzjFBDOVJKPnDJsoAXGGGhez6KYQlg7Xg5PIOul38I3MJyg9PAAUqXPeA3qgCqHy8HJv9KFmozJD0WMzFjeoiaUjtrfdco1QyGSBBFcc%2BhffZ7q9D9WQBeEqAcGivLyEdOxVEKgW9RL9zV3qHJM5BNtL7en2Dl1oDs8XgOJcmRnSuAz7OLkO%2BnOfkBq9B5UGdvTngQyFVXy7%2FWcFXtb8Hn31ZlnDxIpTrQms3CKK%2Bw%3D%3D]
2020/05/04 15:46:24 	Date: [Mon, 04 May 2020 12:46:24 GMT]
2020/05/04 15:46:24 	X-Xss-Protection: [1; mode=block]
2020/05/04 15:46:24 	X-Content-Type-Options: [nosniff]
2020/05/04 15:46:24 	Content-Security-Policy: [default-src *  data: blob: 'unsafe-inline' 'unsafe-eval'; script-src * 'unsafe-inline' 'unsafe-eval'; connect-src * 'unsafe-inline'; img-src * data: blob: 'unsafe-inline'; frame-src *; style-src * data: blob: 'unsafe-inline'; font-src * data: blob: 'unsafe-inline';]
2020/05/04 15:46:24 	Cache-Control: [no-cache, no-store]
2020/05/04 15:46:24 	Content-Length: [0]
2020/05/04 15:46:24 	X-Vmware-Vcloud-Request-Id: [4ba47a81-c52a-44cb-8e2b-355b39dc3d46]
2020/05/04 15:46:24 Response text: [0] 
2020/05/04 15:46:24 [DEBUG] SAML got IdP login endpoint: https://win-60g606n0afg.test-forest.net/adfs/services/trust/13/usernamemixed
2020/05/04 15:46:24 --------------------------------------------------------------------------------
2020/05/04 15:46:24 Request caller: main.main-->govcd.(*VCDClient).Authenticate-->govcd.(*VCDClient).GetAuthResponse-->govcd.(*VCDClient).vcdAuthorizeSamlAdfs-->govcd.vcdAuthorizeSamlGetSamlAuthToken
2020/05/04 15:46:24 POST https://win-60g606n0afg.test-forest.net/adfs/services/trust/13/usernamemixed
2020/05/04 15:46:24 --------------------------------------------------------------------------------
2020/05/04 15:46:24 Request data: [1925] <s:Envelope xmlns:s="http://www.w3.org/2003/05/soap-envelope" 
	xmlns:a="http://www.w3.org/2005/08/addressing" 
	xmlns:u="http://docs.oasis-open.org/wss/2004/01/oasis-200401-wss-wssecurity-utility-1.0.xsd">
	<s:Header>
		<a:Action s:mustUnderstand="1">http://docs.oasis-open.org/ws-sx/ws-trust/200512/RST/Issue</a:Action>
		<a:ReplyTo>
			<a:Address>http://www.w3.org/2005/08/addressing/anonymous</a:Address>
		</a:ReplyTo>
		<a:To s:mustUnderstand="1">https://win-60g606n0afg.test-forest.net/adfs/services/trust/13/usernamemixed</a:To>
		<o:Security s:mustUnderstand="1" 
			xmlns:o="http://docs.oasis-open.org/wss/2004/01/oasis-200401-wss-wssecurity-secext-1.0.xsd">
			<u:Timestamp u:Id="_0">
				<u:Created>2020-05-04T15:46:24+03:00</u:Created>
				<u:Expires>2020-05-04T15:47:24+03:00</u:Expires>
			</u:Timestamp>
			<o:UsernameToken>
				<o:Username>test@test-forest.net</o:Username>
				<o:Password o:Type="http://docs.oasis-open.org/wss/2004/01/oasis-200401-wss-username-token-profile-1.0#PasswordText">******</o:Password>
			</o:UsernameToken>
		</o:Security>
	</s:Header>
	<s:Body>
		<trust:RequestSecurityToken xmlns:trust="http://docs.oasis-open.org/ws-sx/ws-trust/200512">
			<wsp:AppliesTo xmlns:wsp="http://schemas.xmlsoap.org/ws/2004/09/policy">
				<a:EndpointReference>
					<a:Address>https://192.168.1.160/cloud/org/my-org/saml/metadata/alias/vcd</a:Address>
				</a:EndpointReference>
			</wsp:AppliesTo>
			<trust:KeySize>0</trust:KeySize>
			<trust:KeyType>http://docs.oasis-open.org/ws-sx/ws-trust/200512/Bearer</trust:KeyType>
			<i:RequestDisplayToken xml:lang="en" 
				xmlns:i="http://schemas.xmlsoap.org/ws/2005/05/identity" />
			<trust:RequestType>http://docs.oasis-open.org/ws-sx/ws-trust/200512/Issue</trust:RequestType>
			<trust:TokenType>http://docs.oasis-open.org/wss/oasis-wss-saml-token-profile-1.1#SAMLV2.0</trust:TokenType>
		</trust:RequestSecurityToken>
	</s:Body>
</s:Envelope>
2020/05/04 15:46:24 Req header:
2020/05/04 15:46:24 ################################################################################
2020/05/04 15:46:24 Response caller runtime.goexit-->runtime.main-->main.main-->govcd.(*VCDClient).Authenticate-->govcd.(*VCDClient).GetAuthResponse-->govcd.(*VCDClient).vcdAuthorizeSamlAdfs-->govcd.vcdAuthorizeSamlGetSamlAuthToken-->govcd.decodeBody
2020/05/04 15:46:24 Response status 200 OK
2020/05/04 15:46:24 ################################################################################
2020/05/04 15:46:24 Response header:
2020/05/04 15:46:24 	Server: [Microsoft-HTTPAPI/2.0]
2020/05/04 15:46:24 	Date: [Mon, 04 May 2020 12:46:25 GMT]
2020/05/04 15:46:24 	Content-Length: [9411]
2020/05/04 15:46:24 	Content-Type: [application/soap+xml; charset=utf-8]
2020/05/04 15:46:24 Response text: [9411] <s:Envelope xmlns:s="http://www.w3.org/2003/05/soap-envelope" xmlns:a="http://www.w3.org/2005/08/addressing" xmlns:u="http://docs.oasis-open.org/wss/2004/01/oasis-200401-wss-wssecurity-utility-1.0.xsd"><s:Header><a:Action s:mustUnderstand="1">http://docs.oasis-open.org/ws-sx/ws-trust/200512/RSTRC/IssueFinal</a:Action><o:Security s:mustUnderstand="1" xmlns:o="http://docs.oasis-open.org/wss/2004/01/oasis-200401-wss-wssecurity-secext-1.0.xsd"><u:Timestamp u:Id="_0"><u:Created>2020-05-04T12:46:25.399Z</u:Created><u:Expires>2020-05-04T12:51:25.399Z</u:Expires></u:Timestamp></o:Security></s:Header><s:Body><trust:RequestSecurityTokenResponseCollection xmlns:trust="http://docs.oasis-open.org/ws-sx/ws-trust/200512"><trust:RequestSecurityTokenResponse><trust:Lifetime><wsu:Created xmlns:wsu="http://docs.oasis-open.org/wss/2004/01/oasis-200401-wss-wssecurity-utility-1.0.xsd">2020-05-04T12:46:25.399Z</wsu:Created><wsu:Expires xmlns:wsu="http://docs.oasis-open.org/wss/2004/01/oasis-200401-wss-wssecurity-utility-1.0.xsd">2020-05-04T13:46:25.399Z</wsu:Expires></trust:Lifetime><wsp:AppliesTo xmlns:wsp="http://schemas.xmlsoap.org/ws/2004/09/policy"><wsa:EndpointReference xmlns:wsa="http://www.w3.org/2005/08/addressing"><wsa:Address>https://192.168.1.160/cloud/org/my-org/saml/metadata/alias/vcd</wsa:Address></wsa:EndpointReference></wsp:AppliesTo><trust:RequestedSecurityToken><EncryptedAssertion xmlns="urn:oasis:names:tc:SAML:2.0:assertion"><xenc:EncryptedData Type="http://www.w3.org/2001/04/xmlenc#Element" xmlns:xenc="http://www.w3.org/2001/04/xmlenc#"><xenc:EncryptionMethod Algorithm="http://www.w3.org/2001/04/xmlenc#aes256-cbc"/><KeyInfo xmlns="http://www.w3.org/2000/09/xmldsig#"><e:EncryptedKey xmlns:e="http://www.w3.org/2001/04/xmlenc#"><e:EncryptionMethod Algorithm="http://www.w3.org/2001/04/xmlenc#rsa-oaep-mgf1p"><DigestMethod Algorithm="http://www.w3.org/2000/09/xmldsig#sha1"/></e:EncryptionMethod><KeyInfo><ds:X509Data xmlns:ds="http://www.w3.org/2000/09/xmldsig#"><ds:X509IssuerSerial><ds:X509IssuerName>CN=vCloud Director organization Certificate</ds:X509IssuerName><ds:X509SerialNumber>582875268</ds:X509SerialNumber></ds:X509IssuerSerial></ds:X509Data></KeyInfo><e:CipherData><e:CipherValue>******</e:CipherValue></e:CipherData></e:EncryptedKey></KeyInfo><xenc:CipherData><xenc:CipherValue>******</xenc:CipherValue></xenc:CipherData></xenc:EncryptedData></EncryptedAssertion></trust:RequestedSecurityToken><i:RequestedDisplayToken xmlns:i="http://schemas.xmlsoap.org/ws/2005/05/identity"><i:DisplayToken xml:lang="en"><i:DisplayClaim Uri="http://schemas.xmlsoap.org/ws/2005/05/identity/claims/emailaddress"><i:DisplayTag>E-Mail Address</i:DisplayTag><i:Description>The e-mail address of the user</i:Description><i:DisplayValue>test@test-forest.net</i:DisplayValue></i:DisplayClaim><i:DisplayClaim Uri="groups"><i:DisplayValue>Domain Users</i:DisplayValue></i:DisplayClaim><i:DisplayClaim Uri="groups"><i:DisplayValue>VCDUsers</i:DisplayValue></i:DisplayClaim></i:DisplayToken></i:RequestedDisplayToken><trust:RequestedAttachedReference><SecurityTokenReference b:TokenType="http://docs.oasis-open.org/wss/oasis-wss-saml-token-profile-1.1#SAMLV2.0" xmlns="http://docs.oasis-open.org/wss/2004/01/oasis-200401-wss-wssecurity-secext-1.0.xsd" xmlns:b="http://docs.oasis-open.org/wss/oasis-wss-wssecurity-secext-1.1.xsd"><KeyIdentifier ValueType="http://docs.oasis-open.org/wss/oasis-wss-saml-token-profile-1.1#SAMLID">_c454fb42-58d4-4e30-b4d9-724868415a22</KeyIdentifier></SecurityTokenReference></trust:RequestedAttachedReference><trust:RequestedUnattachedReference><SecurityTokenReference b:TokenType="http://docs.oasis-open.org/wss/oasis-wss-saml-token-profile-1.1#SAMLV2.0" xmlns="http://docs.oasis-open.org/wss/2004/01/oasis-200401-wss-wssecurity-secext-1.0.xsd" xmlns:b="http://docs.oasis-open.org/wss/oasis-wss-wssecurity-secext-1.1.xsd"><KeyIdentifier ValueType="http://docs.oasis-open.org/wss/oasis-wss-saml-token-profile-1.1#SAMLID">_c454fb42-58d4-4e30-b4d9-724868415a22</KeyIdentifier></SecurityTokenReference></trust:RequestedUnattachedReference><trust:TokenType>http://docs.oasis-open.org/wss/oasis-wss-saml-token-profile-1.1#SAMLV2.0</trust:TokenType><trust:RequestType>http://docs.oasis-open.org/ws-sx/ws-trust/200512/Issue</trust:RequestType><trust:KeyType>http://docs.oasis-open.org/ws-sx/ws-trust/200512/Bearer</trust:KeyType></trust:RequestSecurityTokenResponse></trust:RequestSecurityTokenResponseCollection></s:Body></s:Envelope>
2020/05/04 15:46:24 [DEBUG] SAML got SIGN token from IdP 'https://win-60g606n0afg.test-forest.net/adfs/services/trust/13/usernamemixed' for entity with ID 'https://192.168.1.160/cloud/org/my-org/saml/metadata/alias/vcd'
2020/05/04 15:46:24 --------------------------------------------------------------------------------
2020/05/04 15:46:24 Request caller: main.main-->govcd.(*VCDClient).Authenticate-->govcd.(*VCDClient).GetAuthResponse-->govcd.(*VCDClient).vcdAuthorizeSamlAdfs-->govcd.vcdAuthorizeSignToken
2020/05/04 15:46:24 POST https://192.168.1.160/api/sessions
2020/05/04 15:46:24 --------------------------------------------------------------------------------
2020/05/04 15:46:24 Req header:
2020/05/04 15:46:24 --------------------------------------------------------------------------------
2020/05/04 15:46:24 Request caller: runtime.goexit-->runtime.main-->main.main-->govcd.(*VCDClient).Authenticate-->govcd.(*VCDClient).GetAuthResponse-->govcd.(*VCDClient).vcdAuthorizeSamlAdfs-->govcd.vcdAuthorizeSignToken
2020/05/04 15:46:24 POST https://192.168.1.160/api/sessions
2020/05/04 15:46:24 --------------------------------------------------------------------------------
2020/05/04 15:46:24 Req header:
2020/05/04 15:46:24 	Accept: [application/*+xml;version=31.0]
2020/05/04 15:46:25 	Authorization: SIGN token="********",org="my-org""
2020/05/04 15:46:25 ################################################################################
2020/05/04 15:46:25 Response caller runtime.goexit-->runtime.main-->main.main-->govcd.(*VCDClient).Authenticate-->govcd.(*VCDClient).GetAuthResponse-->govcd.(*VCDClient).vcdAuthorizeSamlAdfs-->govcd.vcdAuthorizeSignToken-->govcd.decodeBody
2020/05/04 15:46:25 Response status 200 OK
2020/05/04 15:46:25 ################################################################################
2020/05/04 15:46:25 Response header:
2020/05/04 15:46:25 	Set-Cookie: [vcloud_jwt=eyJhbGciOiJSUzI1NiJ9.eyJzdWIiOiJ0ZXN0QHRlc3QtZm9yZXN0Lm5ldCIsImlzcyI6ImM5ZTU0NDQ3LTQwMTItNDBmYS05ZjgyLTMwMzliMzgyOGE3ZUAwYWY0NmU4NC04Y2JiLTRiYWQtOTM0Mi1jYmQ4NGJmYjczMTMiLCJleHAiOjE1ODg2ODI3ODUsInZlcnNpb24iOiJ2Y2xvdWRfMS4wIiwianRpIjoiZTljNDNlY2M0M2UyNGUyNjkwMGViNTNmYWRjMGVjZjIifQ.r3FDX7C1D-DzPdfWM6rWbyEKLsLkGAQuxOsbhpK7yi_lIsL_w0IWmFLEtb1BHUjb5eQLtaEQm2CzZQMOOpcwHrYK7Y7V0GH7MbkRKtohGWbxSV0n8VPyL_WrSm_gasjemIqYzv_k9rIalj9_I_T7rE64FJmvChiiD7NVuugs0d0ZuyqW2xNCpXKFA2DGHbFPadFT13y41vT7gQEgkaE6B3iQSz2ifgjSe4v2ewRYvqptAblCfjz864BU62NaV7mJyZ7TPCHayfOXYEM_oWb12ShsaUaM-hn7QMxT6ripKa3STWsm2_Ivr2rpcoHGXSYaELL3HPScNJifsrAZRhJJUg;Path=/;Secure;HttpOnly vcloud_session_id=e9c43ecc43e24e26900eb53fadc0ecf2;Path=/;Secure;HttpOnly]
2020/05/04 15:46:25 	X-Vcloud-Authorization: [********]
2020/05/04 15:46:25 	Content-Type: [application/vnd.vmware.vcloud.session+xml;version=31.0]
2020/05/04 15:46:25 	X-Vmware-Vcloud-Request-Execution-Time: [602]
2020/05/04 15:46:25 	Content-Length: [2400]
2020/05/04 15:46:25 	Date: [Mon, 04 May 2020 12:46:25 GMT]
2020/05/04 15:46:25 	Expires: [Thu, 01 Jan 1970 00:00:00 GMT]
2020/05/04 15:46:25 	X-Vmware-Vcloud-Access-Token: [eyJhbGciOiJSUzI1NiJ9.eyJzdWIiOiJ0ZXN0QHRlc3QtZm9yZXN0Lm5ldCIsImlzcyI6ImM5ZTU0NDQ3LTQwMTItNDBmYS05ZjgyLTMwMzliMzgyOGE3ZUAwYWY0NmU4NC04Y2JiLTRiYWQtOTM0Mi1jYmQ4NGJmYjczMTMiLCJleHAiOjE1ODg2ODI3ODUsInZlcnNpb24iOiJ2Y2xvdWRfMS4wIiwianRpIjoiZTljNDNlY2M0M2UyNGUyNjkwMGViNTNmYWRjMGVjZjIifQ.r3FDX7C1D-DzPdfWM6rWbyEKLsLkGAQuxOsbhpK7yi_lIsL_w0IWmFLEtb1BHUjb5eQLtaEQm2CzZQMOOpcwHrYK7Y7V0GH7MbkRKtohGWbxSV0n8VPyL_WrSm_gasjemIqYzv_k9rIalj9_I_T7rE64FJmvChiiD7NVuugs0d0ZuyqW2xNCpXKFA2DGHbFPadFT13y41vT7gQEgkaE6B3iQSz2ifgjSe4v2ewRYvqptAblCfjz864BU62NaV7mJyZ7TPCHayfOXYEM_oWb12ShsaUaM-hn7QMxT6ripKa3STWsm2_Ivr2rpcoHGXSYaELL3HPScNJifsrAZRhJJUg]
2020/05/04 15:46:25 	X-Vmware-Vcloud-Token-Type: [Bearer]
2020/05/04 15:46:25 	Cache-Control: [no-store, must-revalidate]
2020/05/04 15:46:25 	Vary: [Accept-Encoding, User-Agent]
2020/05/04 15:46:25 	X-Vmware-Vcloud-Request-Id: [8fc687bb-07ad-4ec1-ab04-f559ae948c79]
2020/05/04 15:46:25 Response text: [2400] <?xml version="1.0" encoding="UTF-8" standalone="yes"?>
<Session xmlns="http://www.vmware.com/vcloud/v1.5" xmlns:rasd="http://schemas.dmtf.org/wbem/wscim/1/cim-schema/2/CIM_ResourceAllocationSettingData" xmlns:ovf="http://schemas.dmtf.org/ovf/envelope/1" xmlns:vssd="http://schemas.dmtf.org/wbem/wscim/1/cim-schema/2/CIM_VirtualSystemSettingData" xmlns:common="http://schemas.dmtf.org/wbem/wscim/1/common" xmlns:vmw="http://www.vmware.com/schema/ovf" xmlns:ovfenv="http://schemas.dmtf.org/ovf/environment/1" xmlns:vmext="http://www.vmware.com/vcloud/extension/v1.5" xmlns:ns9="http://www.vmware.com/vcloud/versions" locationId="c9e54447-4012-40fa-9f82-3039b3828a7e@0af46e84-8cbb-4bad-9342-cbd84bfb7313" org="my-org" roles="Organization Administrator" user="test@test-forest.net" userId="urn:vcloud:user:4c519013-43bb-4f60-a616-4a23f34d009b" href="https://192.168.1.160/api/session" type="application/vnd.vmware.vcloud.session+xml">
    <Link rel="down" href="https://192.168.1.160/api/org/" type="application/vnd.vmware.vcloud.orgList+xml"/>
    <Link rel="remove" href="https://192.168.1.160/api/session"/>
    <Link rel="down" href="https://192.168.1.160/api/admin/" type="application/vnd.vmware.admin.vcloud+xml"/>
    <Link rel="down" href="https://192.168.1.160/api/org/c9e54447-4012-40fa-9f82-3039b3828a7e" name="my-org" type="application/vnd.vmware.vcloud.org+xml"/>
    <Link rel="down" href="https://192.168.1.160/api/query" type="application/vnd.vmware.vcloud.query.queryList+xml"/>
    <Link rel="entityResolver" href="https://192.168.1.160/api/entity/" type="application/vnd.vmware.vcloud.entity+xml"/>
    <Link rel="down:extensibility" href="https://192.168.1.160/api/extensibility" type="application/vnd.vmware.vcloud.apiextensibility+xml"/>
    <Link rel="nsx" href="https://192.168.1.160/network" type="application/xml"/>
    <Link rel="openapi" href="https://192.168.1.160/cloudapi" type="application/json"/>
    <AuthorizedLocations>
        <Location>
            <LocationId>c9e54447-4012-40fa-9f82-3039b3828a7e@0af46e84-8cbb-4bad-9342-cbd84bfb7313</LocationId>
            <SiteName>192.168.1.160</SiteName>
            <OrgName>my-org</OrgName>
            <RestApiEndpoint>https://192.168.1.160</RestApiEndpoint>
            <UIEndpoint>https://192.168.1.160</UIEndpoint>
            <AuthContext>my-org</AuthContext>
        </Location>
    </AuthorizedLocations>
</Session>

2020/05/04 15:46:25 [DEBUG] SAML - setting access token for further requests
2020/05/04 15:46:25 [TRACE] skipping fetch of versions because 8 are stored
2020/05/04 15:46:25 [TRACE] API version 27.0.0 does not satisfy constraints '= 31.0'
2020/05/04 15:46:25 [TRACE] API version 28.0.0 does not satisfy constraints '= 31.0'
2020/05/04 15:46:25 [TRACE] API version 29.0.0 does not satisfy constraints '= 31.0'
2020/05/04 15:46:25 [TRACE] API version 30.0.0 does not satisfy constraints '= 31.0'
2020/05/04 15:46:25 [INFO] API version 31.0.0 satisfies constraints '= 31.0'
2020/05/04 15:46:25 --------------------------------------------------------------------------------
2020/05/04 15:46:25 Request caller: govcd.(*VCDClient).vcdAuthorizeSamlAdfs-->govcd.(*VCDClient).SetToken-->govcd.executeRequestWithApiVersion-->govcd.executeRequestWithApiVersion-->govcd.executeRequestCustomErr-->govcd.(*Client).NewRequestWithApiVersion
2020/05/04 15:46:25 GET https://192.168.1.160/api/org
2020/05/04 15:46:25 --------------------------------------------------------------------------------
2020/05/04 15:46:25 Req header:
2020/05/04 15:46:25 	X-Vcloud-Authorization: [********]
2020/05/04 15:46:25 	Accept: [application/*+xml;version=31.0]
2020/05/04 15:46:25 ################################################################################
2020/05/04 15:46:25 Response caller main.main-->govcd.(*VCDClient).Authenticate-->govcd.(*VCDClient).GetAuthResponse-->govcd.(*VCDClient).vcdAuthorizeSamlAdfs-->govcd.(*VCDClient).SetToken-->govcd.(*Client).executeRequest-->govcd.decodeBody
2020/05/04 15:46:25 Response status 200 OK
2020/05/04 15:46:25 ################################################################################
2020/05/04 15:46:25 Response header:
2020/05/04 15:46:25 	X-Vmware-Vcloud-Access-Token: [eyJhbGciOiJSUzI1NiJ9.eyJzdWIiOiJ0ZXN0QHRlc3QtZm9yZXN0Lm5ldCIsImlzcyI6ImM5ZTU0NDQ3LTQwMTItNDBmYS05ZjgyLTMwMzliMzgyOGE3ZUAwYWY0NmU4NC04Y2JiLTRiYWQtOTM0Mi1jYmQ4NGJmYjczMTMiLCJleHAiOjE1ODg2ODI3ODUsInZlcnNpb24iOiJ2Y2xvdWRfMS4wIiwianRpIjoiZTljNDNlY2M0M2UyNGUyNjkwMGViNTNmYWRjMGVjZjIifQ.r3FDX7C1D-DzPdfWM6rWbyEKLsLkGAQuxOsbhpK7yi_lIsL_w0IWmFLEtb1BHUjb5eQLtaEQm2CzZQMOOpcwHrYK7Y7V0GH7MbkRKtohGWbxSV0n8VPyL_WrSm_gasjemIqYzv_k9rIalj9_I_T7rE64FJmvChiiD7NVuugs0d0ZuyqW2xNCpXKFA2DGHbFPadFT13y41vT7gQEgkaE6B3iQSz2ifgjSe4v2ewRYvqptAblCfjz864BU62NaV7mJyZ7TPCHayfOXYEM_oWb12ShsaUaM-hn7QMxT6ripKa3STWsm2_Ivr2rpcoHGXSYaELL3HPScNJifsrAZRhJJUg]
2020/05/04 15:46:25 	X-Vcloud-Authorization: [********]
2020/05/04 15:46:25 	Content-Type: [application/vnd.vmware.vcloud.orglist+xml;version=31.0]
2020/05/04 15:46:25 	Vary: [Accept-Encoding, User-Agent]
2020/05/04 15:46:25 	Content-Length: [859]
2020/05/04 15:46:25 	Date: [Mon, 04 May 2020 12:46:25 GMT]
2020/05/04 15:46:25 	X-Vmware-Vcloud-Request-Id: [a36c1283-4875-4f50-8c4a-d075caa1b74a]
2020/05/04 15:46:25 	X-Vmware-Vcloud-Token-Type: [Bearer]
2020/05/04 15:46:25 	X-Vmware-Vcloud-Request-Execution-Time: [17]
2020/05/04 15:46:25 	Cache-Control: [no-store, must-revalidate]
2020/05/04 15:46:25 Response text: [859] <?xml version="1.0" encoding="UTF-8" standalone="yes"?>
<OrgList xmlns="http://www.vmware.com/vcloud/v1.5" xmlns:rasd="http://schemas.dmtf.org/wbem/wscim/1/cim-schema/2/CIM_ResourceAllocationSettingData" xmlns:ovf="http://schemas.dmtf.org/ovf/envelope/1" xmlns:vssd="http://schemas.dmtf.org/wbem/wscim/1/cim-schema/2/CIM_VirtualSystemSettingData" xmlns:common="http://schemas.dmtf.org/wbem/wscim/1/common" xmlns:vmw="http://www.vmware.com/schema/ovf" xmlns:ovfenv="http://schemas.dmtf.org/ovf/environment/1" xmlns:vmext="http://www.vmware.com/vcloud/extension/v1.5" xmlns:ns9="http://www.vmware.com/vcloud/versions" href="https://192.168.1.160/api/org/" type="application/vnd.vmware.vcloud.orgList+xml">
    <Org href="https://192.168.1.160/api/org/c9e54447-4012-40fa-9f82-3039b3828a7e" name="my-org" type="application/vnd.vmware.vcloud.org+xml"/>
</OrgList>

2020/05/04 15:46:25 --------------------------------------------------------------------------------
2020/05/04 15:46:25 Request caller: runtime.goexit-->runtime.main-->main.main-->govcd.(*VCDClient).Query
2020/05/04 15:46:25 GET https://192.168.1.160/api/query?type=edgeGateway
2020/05/04 15:46:25 --------------------------------------------------------------------------------
2020/05/04 15:46:25 Req header:
2020/05/04 15:46:25 	X-Vcloud-Authorization: [********]
2020/05/04 15:46:25 	Accept: [application/*+xml;version=31.0]
2020/05/04 15:46:25 ################################################################################
2020/05/04 15:46:25 Response caller runtime.goexit-->runtime.main-->main.main-->govcd.(*VCDClient).Query-->govcd.getResult-->govcd.decodeBody
2020/05/04 15:46:25 Response status 200 OK
2020/05/04 15:46:25 ################################################################################
2020/05/04 15:46:25 Response header:
2020/05/04 15:46:25 	X-Vmware-Vcloud-Token-Type: [Bearer]
2020/05/04 15:46:25 	X-Vcloud-Authorization: [********]
2020/05/04 15:46:25 	X-Vmware-Vcloud-Request-Execution-Time: [31]
2020/05/04 15:46:25 	Cache-Control: [no-store, must-revalidate]
2020/05/04 15:46:25 	Vary: [Accept-Encoding, User-Agent]
2020/05/04 15:46:25 	Date: [Mon, 04 May 2020 12:46:25 GMT]
2020/05/04 15:46:25 	X-Vmware-Vcloud-Request-Id: [5d094e83-2126-443e-8193-cf2c54cd1f93]
2020/05/04 15:46:25 	X-Vmware-Vcloud-Access-Token: [eyJhbGciOiJSUzI1NiJ9.eyJzdWIiOiJ0ZXN0QHRlc3QtZm9yZXN0Lm5ldCIsImlzcyI6ImM5ZTU0NDQ3LTQwMTItNDBmYS05ZjgyLTMwMzliMzgyOGE3ZUAwYWY0NmU4NC04Y2JiLTRiYWQtOTM0Mi1jYmQ4NGJmYjczMTMiLCJleHAiOjE1ODg2ODI3ODUsInZlcnNpb24iOiJ2Y2xvdWRfMS4wIiwianRpIjoiZTljNDNlY2M0M2UyNGUyNjkwMGViNTNmYWRjMGVjZjIifQ.r3FDX7C1D-DzPdfWM6rWbyEKLsLkGAQuxOsbhpK7yi_lIsL_w0IWmFLEtb1BHUjb5eQLtaEQm2CzZQMOOpcwHrYK7Y7V0GH7MbkRKtohGWbxSV0n8VPyL_WrSm_gasjemIqYzv_k9rIalj9_I_T7rE64FJmvChiiD7NVuugs0d0ZuyqW2xNCpXKFA2DGHbFPadFT13y41vT7gQEgkaE6B3iQSz2ifgjSe4v2ewRYvqptAblCfjz864BU62NaV7mJyZ7TPCHayfOXYEM_oWb12ShsaUaM-hn7QMxT6ripKa3STWsm2_Ivr2rpcoHGXSYaELL3HPScNJifsrAZRhJJUg]
2020/05/04 15:46:25 	Content-Type: [application/vnd.vmware.vcloud.query.records+xml;version=31.0]
2020/05/04 15:46:25 	Content-Length: [1858]
2020/05/04 15:46:25 Response text: [1858] <?xml version="1.0" encoding="UTF-8" standalone="yes"?>
<QueryResultRecords xmlns="http://www.vmware.com/vcloud/v1.5" xmlns:rasd="http://schemas.dmtf.org/wbem/wscim/1/cim-schema/2/CIM_ResourceAllocationSettingData" xmlns:ovf="http://schemas.dmtf.org/ovf/envelope/1" xmlns:vssd="http://schemas.dmtf.org/wbem/wscim/1/cim-schema/2/CIM_VirtualSystemSettingData" xmlns:common="http://schemas.dmtf.org/wbem/wscim/1/common" xmlns:vmw="http://www.vmware.com/schema/ovf" xmlns:ovfenv="http://schemas.dmtf.org/ovf/environment/1" xmlns:vmext="http://www.vmware.com/vcloud/extension/v1.5" xmlns:ns9="http://www.vmware.com/vcloud/versions" name="edgeGateway" page="1" pageSize="25" total="1" href="https://192.168.1.160/api/query?type=edgeGateway&amp;page=1&amp;pageSize=25&amp;format=records" type="application/vnd.vmware.vcloud.query.records+xml">
    <Link rel="alternate" href="https://192.168.1.160/api/query?type=edgeGateway&amp;page=1&amp;pageSize=25&amp;format=references" type="application/vnd.vmware.vcloud.query.references+xml"/>
    <Link rel="alternate" href="https://192.168.1.160/api/query?type=edgeGateway&amp;page=1&amp;pageSize=25&amp;format=idrecords" type="application/vnd.vmware.vcloud.query.idrecords+xml"/>
    <EdgeGatewayRecord advancedNetworkingEnabled="true" availableNetCount="7" distributedRoutingEnabled="false" gatewayStatus="READY" haStatus="DISABLED" isBusy="false" name="my-edge-gw" numberOfExtNetworks="1" numberOfOrgNetworks="2" orgVdcName="my-org-vdc" vdc="https://192.168.1.160/api/vdc/7c6926e4-6e06-4a97-b794-0bb6008c146a" href="https://192.168.1.160/api/admin/edgeGateway/72faf573-3409-40a7-85a8-9f42a13dec84" task="https://192.168.1.160/api/task/b0bc58ed-b1ce-4a1a-9e61-7bd65c9e968e" isSyslogServerSettingInSync="true" taskOperation="nsxProxyResourceConfigureServices" taskStatus="success" taskDetails=" "/>
</QueryResultRecords>

